<?xml version="1.0" encoding="UTF-8"?>
<!-- Generated by org.testng.reporters.JUnitXMLReporter -->
<testsuite ignored="0" hostname="DESKTOP-3LSVO3R" failures="1" tests="3" name="Test" time="8.405" errors="0" timestamp="2025-10-18T12:06:18 IST">
  <testcase classname="testCases.TC002_Login" name="verifyLogin" time="1.245"/>
  <testcase classname="testCases.TC004_SearchProduct" name="verifysearchpage" time="0.398"/>
  <testcase classname="testCases.TC004_SearchProduct" name="Verifyaddproduttocart" time="1.234">
    <failure type="java.lang.AssertionError" message="expected [Success: You have added iPod Nano to your shopping cart! ×] but found [Success: You have added iPod Nano to your shopping cart!
×]">
      <![CDATA[java.lang.AssertionError: expected [Success: You have added iPod Nano to your shopping cart! ×] but found [Success: You have added iPod Nano to your shopping cart!
×]
at testCases.TC004_SearchProduct.Verifyaddproduttocart(TC004_SearchProduct.java:38)
at java.base/java.util.ArrayList.forEach(ArrayList.java:1596)
... Removed 31 stack frames]]>
    </failure>
  </testcase> <!-- Verifyaddproduttocart -->
</testsuite> <!-- Test -->
