<?xml version="1.0" encoding="UTF-8"?>
<!-- Generated by org.testng.reporters.JUnitXMLReporter -->
<testsuite ignored="0" hostname="DESKTOP-3LSVO3R" failures="1" tests="1" name="Test" time="4.194" errors="0" timestamp="2025-09-30T15:34:06 IST">
  <testcase classname="testCases.TC004_SearchProduct" name="verifysearchpage" time="0.391">
    <failure type="java.lang.AssertionError" message="expected [Search - iphon] but found [Search - iphone]">
      <![CDATA[java.lang.AssertionError: expected [Search - iphon] but found [Search - iphone]
at testCases.TC004_SearchProduct.verifysearchpage(TC004_SearchProduct.java:23)
at java.base/java.util.ArrayList.forEach(ArrayList.java:1596)
... Removed 31 stack frames]]>
    </failure>
  </testcase> <!-- verifysearchpage -->
</testsuite> <!-- Test -->
