<?xml version="1.0" encoding="UTF-8"?>
<testng-results ignored="0" total="1" passed="1" failed="0" skipped="0">
  <reporter-output>
  </reporter-output>
  <suite started-at="2025-10-09T20:58:28 IST" name="Suite" finished-at="2025-10-09T20:58:35 IST" duration-ms="6788">
    <groups>
    </groups>
    <test started-at="2025-10-09T20:58:28 IST" name="Test" finished-at="2025-10-09T20:58:35 IST" duration-ms="6788">
      <class name="testCases.TC004_SearchProduct">
        <test-method is-config="true" signature="setup(java.lang.String,java.lang.String)[pri:0, instance:testCases.TC004_SearchProduct@52045dbe]" started-at="2025-10-09T20:58:28 IST" name="setup" finished-at="2025-10-09T20:58:34 IST" duration-ms="5582" status="PASS">
          <params>
            <param index="0">
              <value>
                <![CDATA[windows]]>
              </value>
            </param>
            <param index="1">
              <value>
                <![CDATA[chrome]]>
              </value>
            </param>
          </params>
          <reporter-output>
          </reporter-output>
        </test-method> <!-- setup -->
        <test-method signature="verifysearchpage()[pri:0, instance:testCases.TC004_SearchProduct@52045dbe]" started-at="2025-10-09T20:58:34 IST" name="verifysearchpage" finished-at="2025-10-09T20:58:34 IST" duration-ms="615" status="PASS">
          <reporter-output>
          </reporter-output>
        </test-method> <!-- verifysearchpage -->
        <test-method is-config="true" signature="teardown()[pri:0, instance:testCases.TC004_SearchProduct@52045dbe]" started-at="2025-10-09T20:58:34 IST" name="teardown" finished-at="2025-10-09T20:58:35 IST" duration-ms="348" status="PASS">
          <reporter-output>
          </reporter-output>
        </test-method> <!-- teardown -->
      </class> <!-- testCases.TC004_SearchProduct -->
    </test> <!-- Test -->
  </suite> <!-- Suite -->
</testng-results>
