<?xml version="1.0" encoding="UTF-8"?>
<testng-results ignored="0" total="1" passed="1" failed="0" skipped="0">
  <reporter-output>
  </reporter-output>
  <suite started-at="2025-10-08T20:24:27 IST" name="Suite" finished-at="2025-10-08T20:24:32 IST" duration-ms="4985">
    <groups>
    </groups>
    <test started-at="2025-10-08T20:24:27 IST" name="Test" finished-at="2025-10-08T20:24:32 IST" duration-ms="4985">
      <class name="testCases.TC004_SearchProduct">
        <test-method is-config="true" signature="setup(java.lang.String,java.lang.String)[pri:0, instance:testCases.TC004_SearchProduct@2bd2b28e]" started-at="2025-10-08T20:24:27 IST" name="setup" finished-at="2025-10-08T20:24:31 IST" duration-ms="4123" status="PASS">
          <params>
            <param index="0">
              <value>
                <![CDATA[windows]]>
              </value>
            </param>
            <param index="1">
              <value>
                <![CDATA[chrome]]>
              </value>
            </param>
          </params>
          <reporter-output>
          </reporter-output>
        </test-method> <!-- setup -->
        <test-method signature="verifysearchpage()[pri:0, instance:testCases.TC004_SearchProduct@2bd2b28e]" started-at="2025-10-08T20:24:31 IST" name="verifysearchpage" finished-at="2025-10-08T20:24:32 IST" duration-ms="477" status="PASS">
          <reporter-output>
          </reporter-output>
        </test-method> <!-- verifysearchpage -->
        <test-method is-config="true" signature="teardown()[pri:0, instance:testCases.TC004_SearchProduct@2bd2b28e]" started-at="2025-10-08T20:24:32 IST" name="teardown" finished-at="2025-10-08T20:24:32 IST" duration-ms="198" status="PASS">
          <reporter-output>
          </reporter-output>
        </test-method> <!-- teardown -->
      </class> <!-- testCases.TC004_SearchProduct -->
    </test> <!-- Test -->
  </suite> <!-- Suite -->
</testng-results>
