<?xml version="1.0" encoding="UTF-8"?>
<testng-results ignored="0" total="3" passed="2" failed="1" skipped="0">
  <reporter-output>
  </reporter-output>
  <suite started-at="2025-10-18T12:06:09 IST" name="Suite" finished-at="2025-10-18T12:06:17 IST" duration-ms="8405">
    <groups>
      <group name="regression">
        <method signature="TC002_Login.verifyLogin()[pri:0, instance:testCases.TC002_Login@1b065145]" name="verifyLogin" class="testCases.TC002_Login"/>
      </group> <!-- regression -->
      <group name="smoke">
        <method signature="TC002_Login.verifyLogin()[pri:0, instance:testCases.TC002_Login@1b065145]" name="verifyLogin" class="testCases.TC002_Login"/>
      </group> <!-- smoke -->
      <group name="sanity">
        <method signature="TC002_Login.verifyLogin()[pri:0, instance:testCases.TC002_Login@1b065145]" name="verifyLogin" class="testCases.TC002_Login"/>
      </group> <!-- sanity -->
    </groups>
    <test started-at="2025-10-18T12:06:09 IST" name="Test" finished-at="2025-10-18T12:06:17 IST" duration-ms="8405">
      <class name="testCases.TC002_Login">
        <test-method is-config="true" signature="setup(java.lang.String,java.lang.String)[pri:0, instance:testCases.TC002_Login@1b065145]" started-at="2025-10-18T12:06:09 IST" name="setup" finished-at="2025-10-18T12:06:12 IST" duration-ms="2641" status="PASS">
          <params>
            <param index="0">
              <value>
                <![CDATA[windows]]>
              </value>
            </param>
            <param index="1">
              <value>
                <![CDATA[chrome]]>
              </value>
            </param>
          </params>
          <reporter-output>
          </reporter-output>
        </test-method> <!-- setup -->
        <test-method signature="verifyLogin()[pri:0, instance:testCases.TC002_Login@1b065145]" started-at="2025-10-18T12:06:12 IST" name="verifyLogin" finished-at="2025-10-18T12:06:13 IST" duration-ms="1245" status="PASS">
          <reporter-output>
          </reporter-output>
        </test-method> <!-- verifyLogin -->
        <test-method is-config="true" signature="teardown()[pri:0, instance:testCases.TC002_Login@1b065145]" started-at="2025-10-18T12:06:13 IST" name="teardown" finished-at="2025-10-18T12:06:13 IST" duration-ms="159" status="PASS">
          <reporter-output>
          </reporter-output>
        </test-method> <!-- teardown -->
      </class> <!-- testCases.TC002_Login -->
      <class name="testCases.TC004_SearchProduct">
        <test-method is-config="true" signature="setup(java.lang.String,java.lang.String)[pri:0, instance:testCases.TC004_SearchProduct@654d8173]" started-at="2025-10-18T12:06:13 IST" name="setup" finished-at="2025-10-18T12:06:15 IST" duration-ms="2187" status="PASS">
          <params>
            <param index="0">
              <value>
                <![CDATA[windows]]>
              </value>
            </param>
            <param index="1">
              <value>
                <![CDATA[chrome]]>
              </value>
            </param>
          </params>
          <reporter-output>
          </reporter-output>
        </test-method> <!-- setup -->
        <test-method signature="verifysearchpage()[pri:1, instance:testCases.TC004_SearchProduct@654d8173]" started-at="2025-10-18T12:06:15 IST" name="verifysearchpage" finished-at="2025-10-18T12:06:16 IST" duration-ms="398" status="PASS">
          <reporter-output>
          </reporter-output>
        </test-method> <!-- verifysearchpage -->
        <test-method signature="Verifyaddproduttocart()[pri:2, instance:testCases.TC004_SearchProduct@654d8173]" started-at="2025-10-18T12:06:16 IST" name="Verifyaddproduttocart" finished-at="2025-10-18T12:06:17 IST" duration-ms="1234" status="FAIL">
          <exception class="java.lang.AssertionError">
            <message>
              <![CDATA[expected [Success: You have added iPod Nano to your shopping cart! ×] but found [Success: You have added iPod Nano to your shopping cart!
×]]]>
            </message>
            <full-stacktrace>
              <![CDATA[java.lang.AssertionError: expected [Success: You have added iPod Nano to your shopping cart! ×] but found [Success: You have added iPod Nano to your shopping cart!
×]
at org.testng.Assert.fail(Assert.java:111)
at org.testng.Assert.failNotEquals(Assert.java:1590)
at org.testng.Assert.assertEqualsImpl(Assert.java:150)
at org.testng.Assert.assertEquals(Assert.java:132)
at org.testng.Assert.assertEquals(Assert.java:656)
at org.testng.Assert.assertEquals(Assert.java:666)
at testCases.TC004_SearchProduct.Verifyaddproduttocart(TC004_SearchProduct.java:38)
at java.base/jdk.internal.reflect.DirectMethodHandleAccessor.invoke(DirectMethodHandleAccessor.java:103)
at java.base/java.lang.reflect.Method.invoke(Method.java:580)
at org.testng.internal.invokers.MethodInvocationHelper.invokeMethod(MethodInvocationHelper.java:141)
at org.testng.internal.invokers.TestInvoker.invokeMethod(TestInvoker.java:687)
at org.testng.internal.invokers.TestInvoker.invokeTestMethod(TestInvoker.java:230)
at org.testng.internal.invokers.MethodRunner.runInSequence(MethodRunner.java:63)
at org.testng.internal.invokers.TestInvoker$MethodInvocationAgent.invoke(TestInvoker.java:995)
at org.testng.internal.invokers.TestInvoker.invokeTestMethods(TestInvoker.java:203)
at org.testng.internal.invokers.TestMethodWorker.invokeTestMethods(TestMethodWorker.java:154)
at org.testng.internal.invokers.TestMethodWorker.run(TestMethodWorker.java:134)
at java.base/java.util.ArrayList.forEach(ArrayList.java:1596)
at org.testng.TestRunner.privateRun(TestRunner.java:741)
at org.testng.TestRunner.run(TestRunner.java:616)
at org.testng.SuiteRunner.runTest(SuiteRunner.java:421)
at org.testng.SuiteRunner.runSequentially(SuiteRunner.java:413)
at org.testng.SuiteRunner.privateRun(SuiteRunner.java:373)
at org.testng.SuiteRunner.run(SuiteRunner.java:312)
at org.testng.SuiteRunnerWorker.runSuite(SuiteRunnerWorker.java:52)
at org.testng.SuiteRunnerWorker.run(SuiteRunnerWorker.java:95)
at org.testng.TestNG.runSuitesSequentially(TestNG.java:1274)
at org.testng.TestNG.runSuitesLocally(TestNG.java:1208)
at org.testng.TestNG.runSuites(TestNG.java:1112)
at org.testng.TestNG.run(TestNG.java:1079)
at org.testng.remote.AbstractRemoteTestNG.run(AbstractRemoteTestNG.java:115)
at org.testng.remote.RemoteTestNG.initAndRun(RemoteTestNG.java:293)
at org.testng.remote.RemoteTestNG.main(RemoteTestNG.java:91)
]]>
            </full-stacktrace>
          </exception> <!-- java.lang.AssertionError -->
          <reporter-output>
          </reporter-output>
        </test-method> <!-- Verifyaddproduttocart -->
        <test-method is-config="true" signature="teardown()[pri:0, instance:testCases.TC004_SearchProduct@654d8173]" started-at="2025-10-18T12:06:17 IST" name="teardown" finished-at="2025-10-18T12:06:17 IST" duration-ms="161" status="PASS">
          <reporter-output>
          </reporter-output>
        </test-method> <!-- teardown -->
      </class> <!-- testCases.TC004_SearchProduct -->
    </test> <!-- Test -->
  </suite> <!-- Suite -->
</testng-results>
